<?xml version="1.0" encoding="UTF-8"?>
<!-- Generated by org.testng.reporters.JUnitXMLReporter -->
<testsuite hostname="SRK" ignored="0" name="Test" tests="3" failures="1" timestamp="2020-08-22T12:09:49 IST" time="10.523" errors="0">
  <testcase name="verifyLoginPageTitleTest" time="0.03" classname="com.naveen.testcases.LoginTest"/>
  <testcase name="verifyLoginPageHeaderTest" time="0.065" classname="com.naveen.testcases.LoginTest"/>
  <testcase name="doLoginTest" time="6.413" classname="com.naveen.testcases.LoginTest">
    <failure type="java.lang.AssertionError" message="expected [actiTIME - Open Tasks1] but found [actiTIME - Open Tasks]">
      <![CDATA[java.lang.AssertionError: expected [actiTIME - Open Tasks1] but found [actiTIME - Open Tasks]
at com.naveen.testcases.LoginTest.doLoginTest(LoginTest.java:35)
at java.util.ArrayList.forEach(ArrayList.java:1257)
... Removed 33 stack frames]]>
    </failure>
  </testcase> <!-- doLoginTest -->
</testsuite> <!-- Test -->
